[INVALID PATH] in src/bot/discord/commands/prefix/testupdate.js: ../../../../events/metroUpdates
[INVALID PATH] in src/bot/discord/commands/prefix/testupdate.js: ../statusHelpers/changeDetector
[INVALID PATH] in src/bot/discord/commands/slash/Info_Metro/linea.js: ./incidentes
[INVALID PATH] in src/bot/discord/commands/slash/Info_Metro/servicio-metro.js: ./_meestado
[INVALID PATH] in src/core/chronos/managers/EventManager.js: ../jobs/DailyReloadJob
[INVALID PATH] in src/core/chronos/managers/EventManager.js: ../jobs/ServiceHoursJob
[INVALID PATH] in src/core/chronos/managers/EventManager.js: ../jobs/ExpressServiceJob
[INVALID PATH] in src/core/chronos/managers/EventManager.js: ../jobs/SpecialEventsJob
[INVALID PATH] in src/core/chronos/managers/ScheduleManager.js: ../jobs/DailyReloadJob
[INVALID PATH] in src/core/chronos/managers/ScheduleManager.js: ../jobs/ServiceHoursJob
[INVALID PATH] in src/core/chronos/managers/ScheduleManager.js: ../jobs/ExpressServiceJob
[INVALID PATH] in src/core/chronos/managers/ScheduleManager.js: ../jobs/SpecialEventsJob
[INVALID PATH] in src/core/metro/MetroCore.js: ./tentacles/connectionsCore
[INVALID PATH] in src/core/metro/MetroCore.js: ../modules/metro/utils/stringHandlers
[INVALID PATH] in src/core/metro/core/services/StatusOverrideService.js: ../../../../config/metro/overrideConfig
[INVALID PATH] in src/templates/embeds/MigracionNuevosEmbed.js: ../config/defaultEmbeds/disambiguationEmbed
[INVALID PATH] in src/templates/embeds/MigracionNuevosEmbed.js: ../templates/embeds/DisambiguationEmbed
[INVALID PATH] in src/utils/expressRoutes.js: ./expressRouteInfo
[INVALID PATH] in src/utils/searchUtils.js: ../config/defaultEmbeds/disambiguationEmbed
[INVALID PATH] in src/utils/templates/embeds/MigracionNuevosEmbed.js: ../config/defaultEmbeds/disambiguationEmbed
[INVALID PATH] in src/utils/templates/embeds/MigracionNuevosEmbed.js: ../templates/embeds/DisambiguationEmbed