[2025-08-14T01:22:03.023Z] ERROR: Error:
[BOOT] ❌ A critical error occurred during initialization:
Stack: Error:
[BOOT] ❌ A critical error occurred during initialization:
    at Object.fatal (/app/src/events/logger.js:165:27)
    at /app/src/index.js:238:12
    at process.processTicksAndRejections (node:internal/process/task_queues:105:5)
Metadata: {}
[2025-08-14T09:16:03.427Z] ERROR: Error: DatabaseCache initialization failed: Database connection timeout
Stack: Error: DatabaseCache initialization failed: Database connection timeout
    at Object.error (/app/src/events/logger.js:152:27)
    at DatabaseCache.initialize (/app/src/core/cache/adapters/DatabaseCache.js:22:20)
    at process.processTicksAndRejections (node:internal/process/task_queues:105:5)
Metadata: {}

[2025-08-14T09:16:03.428Z] ERROR: Error: [StatusProcessor] Processing failed
Stack: Error: [StatusProcessor] Processing failed
    at Object.error (/app/src/events/logger.js:152:27)
    at StatusProcessor.processRawAPIData (/app/src/core/status/utils/StatusProcessor.js:106:14)
    at process.processTicksAndRejections (node:internal/process/task_queues:105:5)
    at async MetroCore.initialize (/app/src/core/metro/core/MetroCore.js:221:13)
    at async /app/src/core/metro/core/MetroCore.js:165:13
    at async /app/src/index.js:181:23
Metadata: {
  "error": "Database connection timeout",
  "stack": "Error: Database connection timeout\n    at Timeout._onTimeout (/app/src/core/database/DatabaseManager.js:282:32)\n    at listOnTimeout (node:internal/timers:588:17)\n    at process.processTimers (node:internal/timers:523:7)"
}

[2025-08-14T09:16:03.428Z] ERROR: Error: [StatusProcessor] Processing failed
Stack: Error: [StatusProcessor] Processing failed
    at Object.error (/app/src/events/logger.js:152:27)
    at StatusProcessor.processRawAPIData (/app/src/core/status/utils/StatusProcessor.js:106:14)
    at process.processTicksAndRejections (node:internal/process/task_queues:105:5)
    at async DataEngine.handleRawData (/app/src/core/metro/core/internal/DataEngine.js:21:35)
Metadata: {
  "error": "Database connection timeout",
  "stack": "Error: Database connection timeout\n    at Timeout._onTimeout (/app/src/core/database/DatabaseManager.js:282:32)\n    at listOnTimeout (node:internal/timers:588:17)\n    at process.processTimers (node:internal/timers:523:7)"
}

[2025-08-14T09:18:29.462Z] ERROR: Error: DatabaseCache initialization failed: Database connection timeout
Stack: Error: DatabaseCache initialization failed: Database connection timeout
    at Object.error (/app/src/events/logger.js:152:27)
    at DatabaseCache.initialize (/app/src/core/cache/adapters/DatabaseCache.js:22:20)
    at process.processTicksAndRejections (node:internal/process/task_queues:105:5)
Metadata: {}

[2025-08-14T09:18:29.463Z] ERROR: Error: [StatusProcessor] Processing failed
Stack: Error: [StatusProcessor] Processing failed
    at Object.error (/app/src/events/logger.js:152:27)
    at StatusProcessor.processRawAPIData (/app/src/core/status/utils/StatusProcessor.js:106:14)
    at process.processTicksAndRejections (node:internal/process/task_queues:105:5)
    at async MetroCore.initialize (/app/src/core/metro/core/MetroCore.js:221:13)
    at async /app/src/core/metro/core/MetroCore.js:165:13
    at async /app/src/index.js:188:23
Metadata: {
  "error": "Database connection timeout",
  "stack": "Error: Database connection timeout\n    at Timeout._onTimeout (/app/src/core/database/DatabaseManager.js:282:32)\n    at listOnTimeout (node:internal/timers:588:17)\n    at process.processTimers (node:internal/timers:523:7)"
}

[2025-08-14T09:18:29.463Z] ERROR: Error: [StatusProcessor] Processing failed
Stack: Error: [StatusProcessor] Processing failed
    at Object.error (/app/src/events/logger.js:152:27)
    at StatusProcessor.processRawAPIData (/app/src/core/status/utils/StatusProcessor.js:106:14)
    at process.processTicksAndRejections (node:internal/process/task_queues:105:5)
    at async DataEngine.handleRawData (/app/src/core/metro/core/internal/DataEngine.js:21:35)
Metadata: {
  "error": "Database connection timeout",
  "stack": "Error: Database connection timeout\n    at Timeout._onTimeout (/app/src/core/database/DatabaseManager.js:282:32)\n    at listOnTimeout (node:internal/timers:588:17)\n    at process.processTimers (node:internal/timers:523:7)"
}
