[2025-04-14T11-00-44-061Z] ERROR:
Name: Error
Message: OVERVIEW_EMBED_FAILED
Stack:
Error: OVERVIEW_EMBED_FAILED
    at Object.error (/home/container/events/logger.js:152:27)
    at StatusEmbedBuilder.buildOverviewEmbed (/home/container/modules/status/embeds/StatusEmbedBuilder.js:95:20)
    at EmbedManager.updateOverviewEmbed (/home/container/modules/status/embeds/EmbedManager.js:115:46)
    at EmbedManager._executeBatchUpdate (/home/container/modules/status/embeds/EmbedManager.js:262:18)
    at EmbedManager.updateAllEmbeds (/home/container/modules/status/embeds/EmbedManager.js:91:24)
    at EmbedManager.cacheEmbedMessages (/home/container/modules/status/embeds/EmbedManager.js:57:23)
    at process.processTicksAndRejections (node:internal/process/task_queues:105:5)
    at async StatusUpdater.initialize (/home/container/modules/status/embeds/StatusUpdater.js:141:13)
    at async MetroCore.initialize (/home/container/modules/metro/core/MetroCore.js:190:13)
    at async /home/container/modules/metro/core/MetroCore.js:128:13
Metadata: {
  "error": "Cannot read properties of undefined (reading 'emoji')",
  "stack": "TypeError: Cannot read properties of undefined (reading 'emoji')\n    at #buildNetworkDescription (/home/container/modules/status/embeds/StatusEmbedBuilder.js:188:95)\n    at StatusEmbedBuilder.buildOverviewEmbed (/home/container/modules/status/embeds/StatusEmbedBuilder.js:59:62)\n    at EmbedManager.updateOverviewEmbed (/home/container/modules/status/embeds/EmbedManager.js:115:46)\n    at EmbedManager._executeBatchUpdate (/home/container/modules/status/embeds/EmbedManager.js:262:18)\n    at EmbedManager.updateAllEmbeds (/home/container/modules/status/embeds/EmbedManager.js:91:24)\n    at EmbedManager.cacheEmbedMessages (/home/container/modules/status/embeds/EmbedManager.js:57:23)\n    at process.processTicksAndRejections (node:internal/process/task_queues:105:5)\n    at async StatusUpdater.initialize (/home/container/modules/status/embeds/StatusUpdater.js:141:13)\n    at async MetroCore.initialize (/home/container/modules/metro/core/MetroCore.js:190:13)\n    at async /home/container/modules/metro/core/MetroCore.js:128:13",
  "input": {
    "status": "Toda la red operativa",
    "statusEn": "Full network operational",
    "statusCode": "1",
    "networkScale": 1,
    "totalSeverity": 0,
    "severityLabel": "Normal",
    "severityLabelEn": "Normal",
    "details": {
      "lines": {},
      "stations": [],
      "transfers": []
    },
    "segments": {},
    "summary": {
      "es": {
        "estadoGeneral": "Toda la red operativa",
        "escalaRed": 1,
        "severidadTotal": 0,
        "nivelSeveridad": "Normal",
        "resumenDetallado": {
          "lineasAfectadas": [],
          "segmentosCriticos": [],
          "transferenciasAfectadas": [],
          "estacionesCriticas": []
        }
      },
      "en": {
        "overallStatus": "Full network operational",
        "networkScale": 1,
        "totalSeverity": 0,
        "severityLevel": "Normal",
        "detailedSummary": {
          "affectedLines": [],
          "criticalSegments": [],
          "affectedTransfers": [],
          "criticalStations": []
        }
      }
    },
    "timestamp": "2025-04-14T11:00:37.099Z"
  }
}

