[2025-04-14T11-39-13-560Z] ERROR:
Name: Error
Message: LINE_EMBED_FAILED
Stack:
Error: LINE_EMBED_FAILED
    at Object.error (/home/container/events/logger.js:152:27)
    at StatusEmbedBuilder.buildLineEmbed (/home/container/modules/status/embeds/StatusEmbedBuilder.js:297:20)
    at EmbedManager.updateLineEmbed (/home/container/modules/status/embeds/EmbedManager.js:190:46)
    at /home/container/modules/status/embeds/EmbedManager.js:155:26
    at Array.map (<anonymous>)
    at EmbedManager.updateAllLineEmbeds (/home/container/modules/status/embeds/EmbedManager.js:154:41)
    at EmbedManager._executeBatchUpdate (/home/container/modules/status/embeds/EmbedManager.js:263:18)
    at EmbedManager.updateAllEmbeds (/home/container/modules/status/embeds/EmbedManager.js:91:24)
    at EmbedManager.cacheEmbedMessages (/home/container/modules/status/embeds/EmbedManager.js:57:23)
    at process.processTicksAndRejections (node:internal/process/task_queues:105:5)
Metadata: {
  "line": "l4a",
  "error": "config is not defined",
  "stack": "ReferenceError: config is not defined\n    at StatusEmbedBuilder.buildLineEmbed (/home/container/modules/status/embeds/StatusEmbedBuilder.js:246:30)\n    at EmbedManager.updateLineEmbed (/home/container/modules/status/embeds/EmbedManager.js:190:46)\n    at /home/container/modules/status/embeds/EmbedManager.js:155:26\n    at Array.map (<anonymous>)\n    at EmbedManager.updateAllLineEmbeds (/home/container/modules/status/embeds/EmbedManager.js:154:41)\n    at EmbedManager._executeBatchUpdate (/home/container/modules/status/embeds/EmbedManager.js:263:18)\n    at EmbedManager.updateAllEmbeds (/home/container/modules/status/embeds/EmbedManager.js:91:24)\n    at EmbedManager.cacheEmbedMessages (/home/container/modules/status/embeds/EmbedManager.js:57:23)\n    at process.processTicksAndRejections (node:internal/process/task_queues:105:5)\n    at async StatusUpdater.initialize (/home/container/modules/status/embeds/StatusUpdater.js:141:13)"
}

