[2025-04-14T18-49-59-012Z] ERROR:
Name: Error
Message: Error procesando interacción:
Stack:
Error: Error procesando interacción:
    at Object.error (/home/container/events/logger.js:152:27)
    at Client.<anonymous> (/home/container/index.js:126:12)
    at process.processTicksAndRejections (node:internal/process/task_queues:105:5)
Metadata: {
  "requestBody": {
    "files": [],
    "json": {
      "type": 4,
      "data": {
        "tts": false,
        "enforce_nonce": false,
        "embeds": [
          {
            "title": "🤖 Información Técnica del Bot",
            "color": 3447003,
            "thumbnail": {
              "url": "https://cdn.discordapp.com/avatars/1346202051062927502/c60bfceb6badd4e6b860302201511ea2.webp"
            },
            "fields": [
              {
                "name": "⏱️ Uptime",
                "value": "0d 0h 7m 18s",
                "inline": true
              },
              {
                "name": "📊 Uso de memoria",
                "value": "62.05 MB",
                "inline": true
              },
              {
                "name": "🖥️ Servidor",
                "value": "Linux 6.8.0-53-generic",
                "inline": true
              },
              {
                "name": "💾 RAM total",
                "value": "125.60 GB",
                "inline": true
              },
              {
                "name": "📡 Ping",
                "value": "1319ms",
                "inline": true
              },
              {
                "name": "📅 Creado el",
                "value": "3/3/2025",
                "inline": true
              }
            ],
            "footer": {
              "text": "Solicitado por metromanrrss"
            }
          }
        ]
      }
    }
  },
  "rawError": {
    "message": "Unknown interaction",
    "code": 10062
  },
  "code": 10062,
  "status": 404,
  "method": "POST",
  "url": "https://discord.com/api/v10/interactions/1361413166717735002/aW50ZXJhY3Rpb246MTM2MTQxMzE2NjcxNzczNTAwMjpXNXNxcGhrbG0xNHZMZ2tXYW15TXFuVURJaGthODhXUlNxQ1lzamRmdHBCS3dkMmhkc0plOWdPYTM0bVRDQ2FRRVRYY1NQNUpqNGh2VHY4Q3Jnb21pelNZWmZZa3ZUdmZPaG9ZbkpobnFYa2pCbDdQTFpMdDRicDdKa0dkWVM5eg/callback?with_response=false"
}

