[2025-04-28T09-19-33-600Z] ERROR:
Name: Error
Message: UNHANDLED_REJECTION
Stack:
Error: UNHANDLED_REJECTION
    at Object.error (/home/container/events/logger.js:152:27)
    at process.<anonymous> (/home/container/index.js:210:10)
    at process.emit (node:events:518:28)
    at emitUnhandledRejection (node:internal/process/promises:252:13)
    at throwUnhandledRejectionsMode (node:internal/process/promises:388:19)
    at processPromiseRejections (node:internal/process/promises:475:17)
    at process.processTicksAndRejections (node:internal/process/task_queues:106:32)
Metadata: {
  "requestBody": {
    "files": [],
    "json": {
      "type": 4,
      "data": {
        "content": "Error al procesar la interacción",
        "tts": false,
        "enforce_nonce": false,
        "flags": 64
      }
    }
  },
  "rawError": {
    "message": "Unknown interaction",
    "code": 10062
  },
  "code": 10062,
  "status": 404,
  "method": "POST",
  "url": "https://discord.com/api/v10/interactions/1366343069963653160/aW50ZXJhY3Rpb246MTM2NjM0MzA2OTk2MzY1MzE2MDoyTk5UbUk5ckhwM1Y3VGE2UkV0QmFvdDM5ZW8xM2pMYW4wRVhUZDZ2OURDV3VRaHhKaEFnSm9RclVOUmhqWmZDc0VPcnpSU3FvUlBIRXZJSzhNeUJyZXZYejdFUmY0cXkzSFJqeXdyUjRueE8wY2hMaG9XQUJRd0Q1M25aSm1rRA/callback?with_response=false"
}

