[2025-04-28T01-59-47-472Z] ERROR:
Name: Error
Message: UNHANDLED_REJECTION
Stack:
Error: UNHANDLED_REJECTION
    at Object.error (/home/container/events/logger.js:152:27)
    at process.<anonymous> (/home/container/index.js:210:10)
    at process.emit (node:events:518:28)
    at emitUnhandledRejection (node:internal/process/promises:252:13)
    at throwUnhandledRejectionsMode (node:internal/process/promises:388:19)
    at processPromiseRejections (node:internal/process/promises:475:17)
    at process.processTicksAndRejections (node:internal/process/task_queues:106:32)
Metadata: {
  "requestBody": {
    "files": [],
    "json": {
      "type": 4,
      "data": {
        "content": "Error al procesar la interacción",
        "tts": false,
        "enforce_nonce": false,
        "flags": 64
      }
    }
  },
  "rawError": {
    "message": "Unknown interaction",
    "code": 10062
  },
  "code": 10062,
  "status": 404,
  "method": "POST",
  "url": "https://discord.com/api/v10/interactions/1366232398680817675/aW50ZXJhY3Rpb246MTM2NjIzMjM5ODY4MDgxNzY3NTp3aFZWZ1I0Rk5HbTFra3p0QVp4T1NYZlM0cVZzeHlzajdscFFVMThRNHM3QUFqWElyN3ZoWk9BTXQ2bzJ3WmlQd01KQTBTQ0dlRjVyMlE4Q08wSXNHMW50VnpVemd3aU9hbEtvTnhlbEp2R2NPaGRGVjBZSzI5WU53cUxBWjdVVw/callback?with_response=false"
}

