[2025-08-13T15-59-06-109Z] ERROR:
Name: Error
Message: Fatal error loading commands:
Stack:
Error: Fatal error loading commands:
    at Object.error (/app/src/events/logger.js:154:27)
    at AdvancedCommandLoader.loadCommands (/app/src/core/loaders/AdvancedCommandLoader.js:51:20)
    at new AdvancedCommandLoader (/app/src/core/loaders/AdvancedCommandLoader.js:15:14)
    at Object.<anonymous> (/app/src/index.js:123:31)
    at Module._compile (node:internal/modules/cjs/loader:1730:14)
    at Object..js (node:internal/modules/cjs/loader:1895:10)
    at Module.load (node:internal/modules/cjs/loader:1465:32)
    at Function._load (node:internal/modules/cjs/loader:1282:12)
    at TracingChannel.traceSync (node:diagnostics_channel:322:14)
    at wrapModuleLoad (node:internal/modules/cjs/loader:235:24)
Metadata: {
  "errno": -2,
  "code": "ENOENT",
  "syscall": "scandir",
  "path": "/app/src/slashCommands"
}
