[2025-08-13T21-34-10-362Z] ERROR:
Name: Error
Message: [ApiService] Cache update failed
Stack:
Error: [ApiService] Cache update failed
    at Object.error (/app/src/events/logger.js:154:27)
    at ApiService._updateCache (/app/src/core/metro/core/services/ApiService.js:724:20)
    at async ApiService._readCachedData (/app/src/core/metro/core/services/ApiService.js:738:21)
    at async ApiService._fallbackToCachedData (/app/src/core/metro/core/services/ApiService.js:1010:32)
    at async MetroCore.initialize (/app/src/core/metro/core/MetroCore.js:221:13)
    at async /app/src/core/metro/core/MetroCore.js:165:13
    at async /app/src/index.js:181:23
Metadata: {
  "error": {
    "errno": -2,
    "code": "ENOENT",
    "syscall": "open",
    "path": "/app/src/data/cache/network-status.json"
  }
}
