[2025-04-28T00-40-34-556Z] ERROR:
Name: Error
Message: UNHANDLED_REJECTION
Stack:
Error: UNHANDLED_REJECTION
    at Object.error (/home/container/events/logger.js:152:27)
    at process.<anonymous> (/home/container/index.js:210:10)
    at process.emit (node:events:518:28)
    at emitUnhandledRejection (node:internal/process/promises:252:13)
    at throwUnhandledRejectionsMode (node:internal/process/promises:388:19)
    at processPromiseRejections (node:internal/process/promises:475:17)
    at process.processTicksAndRejections (node:internal/process/task_queues:106:32)
Metadata: {
  "requestBody": {
    "files": [],
    "json": {
      "type": 4,
      "data": {
        "content": "Error al procesar la interacción",
        "tts": false,
        "enforce_nonce": false,
        "flags": 64
      }
    }
  },
  "rawError": {
    "message": "Unknown interaction",
    "code": 10062
  },
  "code": 10062,
  "status": 404,
  "method": "POST",
  "url": "https://discord.com/api/v10/interactions/1366212463430860880/aW50ZXJhY3Rpb246MTM2NjIxMjQ2MzQzMDg2MDg4MDpzdzBacHc1dG5jTmREMmd2WFJ1bE04ZjZYWENOUkhzN3V1R05mSThlb3o3a1FaVW1ZSFhzQ2pFa1RCN0c2Vmd0dlY5OEtZTktsNWxQSEhScVQzc2ZHODNiZUJNc2xnNnFzSFVXaURRdUN6N0FyWnowVzVKN090aFZoSlZnbTBBRg/callback?with_response=false"
}

