[2025-04-28T00-43-17-068Z] ERROR:
Name: Error
Message: UNHANDLED_REJECTION
Stack:
Error: UNHANDLED_REJECTION
    at Object.error (/home/container/events/logger.js:152:27)
    at process.<anonymous> (/home/container/index.js:210:10)
    at process.emit (node:events:518:28)
    at emitUnhandledRejection (node:internal/process/promises:252:13)
    at throwUnhandledRejectionsMode (node:internal/process/promises:388:19)
    at processPromiseRejections (node:internal/process/promises:475:17)
    at process.processTicksAndRejections (node:internal/process/task_queues:106:32)
Metadata: {
  "requestBody": {
    "files": [],
    "json": {
      "type": 4,
      "data": {
        "content": "Error al procesar la interacción",
        "tts": false,
        "enforce_nonce": false,
        "flags": 64
      }
    }
  },
  "rawError": {
    "message": "Unknown interaction",
    "code": 10062
  },
  "code": 10062,
  "status": 404,
  "method": "POST",
  "url": "https://discord.com/api/v10/interactions/1366213145084952678/aW50ZXJhY3Rpb246MTM2NjIxMzE0NTA4NDk1MjY3ODp3SmtIUVZPVEpCdGNQY2wwelVMWHM2QnBpMmhzNXFianllWW1zY3V2VU9rNHVtcVlLZDA0VW02NWVUcXVuaGpna1plMjVPNWJHV2JsSnI0MjBiM05IVm15WWRXeGVVMVp0MmZjSzJjdjE5QVRmZElKYVk3cXRaQ1k3R3FIaUZ6Nw/callback?with_response=false"
}

