[2025-04-14T11-39-32-837Z] ERROR:
Name: Error
Message: LINE_EMBED_FAILED
Stack:
Error: LINE_EMBED_FAILED
    at Object.error (/home/container/events/logger.js:152:27)
    at StatusEmbedBuilder.buildLineEmbed (/home/container/modules/status/embeds/StatusEmbedBuilder.js:297:20)
    at EmbedManager.updateLineEmbed (/home/container/modules/status/embeds/EmbedManager.js:190:46)
    at /home/container/modules/status/embeds/EmbedManager.js:155:26
    at Array.map (<anonymous>)
    at EmbedManager.updateAllLineEmbeds (/home/container/modules/status/embeds/EmbedManager.js:154:41)
    at async Promise.all (index 1)
    at async EmbedManager._executeBatchUpdate (/home/container/modules/status/embeds/EmbedManager.js:261:9)
    at async EmbedManager.updateAllEmbeds (/home/container/modules/status/embeds/EmbedManager.js:91:13)
    at async EmbedManager.cacheEmbedMessages (/home/container/modules/status/embeds/EmbedManager.js:57:12)
Metadata: {
  "line": "l6",
  "error": "config is not defined",
  "stack": "ReferenceError: config is not defined\n    at StatusEmbedBuilder.buildLineEmbed (/home/container/modules/status/embeds/StatusEmbedBuilder.js:246:30)\n    at EmbedManager.updateLineEmbed (/home/container/modules/status/embeds/EmbedManager.js:190:46)\n    at /home/container/modules/status/embeds/EmbedManager.js:155:26\n    at Array.map (<anonymous>)\n    at EmbedManager.updateAllLineEmbeds (/home/container/modules/status/embeds/EmbedManager.js:154:41)\n    at async Promise.all (index 1)\n    at async EmbedManager._executeBatchUpdate (/home/container/modules/status/embeds/EmbedManager.js:261:9)\n    at async EmbedManager.updateAllEmbeds (/home/container/modules/status/embeds/EmbedManager.js:91:13)\n    at async EmbedManager.cacheEmbedMessages (/home/container/modules/status/embeds/EmbedManager.js:57:12)\n    at async StatusUpdater.initialize (/home/container/modules/status/embeds/StatusUpdater.js:141:13)"
}

