[2025-04-28T09-17-27-077Z] ERROR:
Name: Error
Message: UNHANDLED_REJECTION
Stack:
Error: UNHANDLED_REJECTION
    at Object.error (/home/container/events/logger.js:152:27)
    at process.<anonymous> (/home/container/index.js:210:10)
    at process.emit (node:events:518:28)
    at emitUnhandledRejection (node:internal/process/promises:252:13)
    at throwUnhandledRejectionsMode (node:internal/process/promises:388:19)
    at processPromiseRejections (node:internal/process/promises:475:17)
    at process.processTicksAndRejections (node:internal/process/task_queues:106:32)
Metadata: {
  "requestBody": {
    "files": [],
    "json": {
      "type": 4,
      "data": {
        "content": "Error al procesar la interacción",
        "tts": false,
        "enforce_nonce": false,
        "flags": 64
      }
    }
  },
  "rawError": {
    "message": "Unknown interaction",
    "code": 10062
  },
  "code": 10062,
  "status": 404,
  "method": "POST",
  "url": "https://discord.com/api/v10/interactions/1366342539342385183/aW50ZXJhY3Rpb246MTM2NjM0MjUzOTM0MjM4NTE4MzpUSzY2QkNvSEN3Y3VESW9SZ0xEVnJhVTVac1FTcTVjeWUwSURWeEV1UGhIVEhUSzlkTFk5NldvaEhOZWo3MGlyV3o1Z0VRNDZDZUFYaE1PbkF4OXhvQmd3cTVqT2JkZ0Y1S1BmcU8wa0hzcmRzVWZYakN1QTVqem9OVk51c3B2ag/callback?with_response=false"
}

