[2025-04-14T11-28-50-445Z] ERROR:
Name: Error
Message: Initialization failed:
Stack:
Error: Initialization failed:
    at Object.error (/home/container/events/logger.js:152:27)
    at Object.execute (/home/container/events/Discord/ready.js:38:20)
    at process.processTicksAndRejections (node:internal/process/task_queues:105:5)
Metadata: {
  "requestBody": {
    "files": [],
    "json": {
      "tts": false,
      "enforce_nonce": false,
      "embeds": [
        null
      ]
    }
  },
  "rawError": {
    "message": "Invalid Form Body",
    "code": 50035,
    "errors": {
      "embeds": {
        "0": {
          "_errors": [
            {
              "code": "LIST_ITEM_VALUE_REQUIRED",
              "message": "List item values of ModelType are required"
            }
          ]
        }
      }
    }
  },
  "code": 50035,
  "status": 400,
  "method": "POST",
  "url": "https://discord.com/api/v10/channels/1350243847271092295/messages"
}

